This is pdfTeX, Version 3.141592653-2.6-1.40.27 (MiKTeX 25.4) (preloaded format=pdflatex 2025.12.4)  11 FEB 2026 18:16
entering extended mode
 \write18 enabled.
 %&-line parsing enabled.
**./BVP_Doc.tex
(BVP_Doc.tex
LaTeX2e <2025-11-01>
L3 programming layer <2025-11-06>

(C:\Users\admin.jonathan.julou\AppData\Local\Programs\MiKTeX\tex/latex/base\art
icle.cls
Document Class: article 2025/01/22 v1.4n Standard LaTeX document class

(C:\Users\admin.jonathan.julou\AppData\Local\Programs\MiKTeX\tex/latex/base\siz
e10.clo
File: size10.clo 2025/01/22 v1.4n Standard LaTeX file (size option)
)
\c@part=\count275
\c@section=\count276
\c@subsection=\count277
\c@subsubsection=\count278
\c@paragraph=\count279
\c@subparagraph=\count280
\c@figure=\count281
\c@table=\count282
\abovecaptionskip=\skip49
\belowcaptionskip=\skip50
\bibindent=\dimen148
)
(C:\Users\admin.jonathan.julou\AppData\Local\Programs\MiKTeX\tex/latex/amsmath\
amsmath.sty
Package: amsmath 2025/07/09 v2.17z AMS math features
\@mathmargin=\skip51

For additional information on amsmath, use the `?' option.

(C:\Users\admin.jonathan.julou\AppData\Local\Programs\MiKTeX\tex/latex/amsmath\
amstext.sty
Package: amstext 2024/11/17 v2.01 AMS text

(C:\Users\admin.jonathan.julou\AppData\Local\Programs\MiKTeX\tex/latex/amsmath\
amsgen.sty
File: amsgen.sty 1999/11/30 v2.0 generic functions
\@emptytoks=\toks17
\ex@=\dimen149
))
(C:\Users\admin.jonathan.julou\AppData\Local\Programs\MiKTeX\tex/latex/amsmath\
amsbsy.sty
Package: amsbsy 1999/11/29 v1.2d Bold Symbols
\pmbraise@=\dimen150
)
(C:\Users\admin.jonathan.julou\AppData\Local\Programs\MiKTeX\tex/latex/amsmath\
amsopn.sty
Package: amsopn 2022/04/08 v2.04 operator names
)
\inf@bad=\count283
LaTeX Info: Redefining \frac on input line 233.
\uproot@=\count284
\leftroot@=\count285
LaTeX Info: Redefining \overline on input line 398.
LaTeX Info: Redefining \colon on input line 409.
\classnum@=\count286
\DOTSCASE@=\count287
LaTeX Info: Redefining \ldots on input line 495.
LaTeX Info: Redefining \dots on input line 498.
LaTeX Info: Redefining \cdots on input line 619.
\Mathstrutbox@=\box53
\strutbox@=\box54
LaTeX Info: Redefining \big on input line 721.
LaTeX Info: Redefining \Big on input line 722.
LaTeX Info: Redefining \bigg on input line 723.
LaTeX Info: Redefining \Bigg on input line 724.
\big@size=\dimen151
LaTeX Font Info:    Redeclaring font encoding OML on input line 742.
LaTeX Font Info:    Redeclaring font encoding OMS on input line 743.
\macc@depth=\count288
LaTeX Info: Redefining \bmod on input line 904.
LaTeX Info: Redefining \pmod on input line 909.
LaTeX Info: Redefining \smash on input line 939.
LaTeX Info: Redefining \relbar on input line 969.
LaTeX Info: Redefining \Relbar on input line 970.
\c@MaxMatrixCols=\count289
\dotsspace@=\muskip17
\c@parentequation=\count290
\dspbrk@lvl=\count291
\tag@help=\toks18
\row@=\count292
\column@=\count293
\maxfields@=\count294
\andhelp@=\toks19
\eqnshift@=\dimen152
\alignsep@=\dimen153
\tagshift@=\dimen154
\tagwidth@=\dimen155
\totwidth@=\dimen156
\lineht@=\dimen157
\@envbody=\toks20
\multlinegap=\skip52
\multlinetaggap=\skip53
\mathdisplay@stack=\toks21
LaTeX Info: Redefining \[ on input line 2950.
LaTeX Info: Redefining \] on input line 2951.
)
(C:\Users\admin.jonathan.julou\AppData\Local\Programs\MiKTeX\tex/latex/tabto-lt
x\tabto.sty
Package: tabto 2018/12/28  v 1.4  Another tabbing mechanism
\CurrentLineWidth=\dimen158
\TabPrevPos=\dimen159
)
(C:\Users\admin.jonathan.julou\AppData\Local\Programs\MiKTeX\tex/latex/pgfplots
\pgfplots.sty
(C:\Users\admin.jonathan.julou\AppData\Local\Programs\MiKTeX\tex/generic/pgfplo
ts\pgfplots.revision.tex)
Package: pgfplots 2021/05/15 v1.18.1 Data Visualization (1.18.1)

(C:\Users\admin.jonathan.julou\AppData\Local\Programs\MiKTeX\tex/latex/graphics
\graphicx.sty
Package: graphicx 2024/12/31 v1.2e Enhanced LaTeX Graphics (DPC,SPQR)

(C:\Users\admin.jonathan.julou\AppData\Local\Programs\MiKTeX\tex/latex/graphics
\keyval.sty
Package: keyval 2022/05/29 v1.15 key=value parser (DPC)
\KV@toks@=\toks22
)
(C:\Users\admin.jonathan.julou\AppData\Local\Programs\MiKTeX\tex/latex/graphics
\graphics.sty
Package: graphics 2024/08/06 v1.4g Standard LaTeX Graphics (DPC,SPQR)

(C:\Users\admin.jonathan.julou\AppData\Local\Programs\MiKTeX\tex/latex/graphics
\trig.sty
Package: trig 2023/12/02 v1.11 sin cos tan (DPC)
)
(C:\Users\admin.jonathan.julou\AppData\Local\Programs\MiKTeX\tex/latex/graphics
-cfg\graphics.cfg
File: graphics.cfg 2016/06/04 v1.11 sample graphics configuration
)
Package graphics Info: Driver file: pdftex.def on input line 106.

(C:\Users\admin.jonathan.julou\AppData\Local\Programs\MiKTeX\tex/latex/graphics
-def\pdftex.def
File: pdftex.def 2025/09/29 v1.2d Graphics/color driver for pdftex
))
\Gin@req@height=\dimen160
\Gin@req@width=\dimen161
)
(C:\Users\admin.jonathan.julou\AppData\Local\Programs\MiKTeX\tex/latex/pgf/fron
tendlayer\tikz.sty
(C:\Users\admin.jonathan.julou\AppData\Local\Programs\MiKTeX\tex/latex/pgf/basi
clayer\pgf.sty
(C:\Users\admin.jonathan.julou\AppData\Local\Programs\MiKTeX\tex/latex/pgf/util
ities\pgfrcs.sty
(C:\Users\admin.jonathan.julou\AppData\Local\Programs\MiKTeX\tex/generic/pgf/ut
ilities\pgfutil-common.tex
\pgfutil@everybye=\toks23
\pgfutil@tempdima=\dimen162
\pgfutil@tempdimb=\dimen163
)
(C:\Users\admin.jonathan.julou\AppData\Local\Programs\MiKTeX\tex/generic/pgf/ut
ilities\pgfutil-latex.def
\pgfutil@abb=\box55
)
(C:\Users\admin.jonathan.julou\AppData\Local\Programs\MiKTeX\tex/generic/pgf/ut
ilities\pgfrcs.code.tex
(C:\Users\admin.jonathan.julou\AppData\Local\Programs\MiKTeX\tex/generic/pgf\pg
f.revision.tex)
Package: pgfrcs 2025-08-29 v3.1.11a (3.1.11a)
))
Package: pgf 2025-08-29 v3.1.11a (3.1.11a)

(C:\Users\admin.jonathan.julou\AppData\Local\Programs\MiKTeX\tex/latex/pgf/basi
clayer\pgfcore.sty
(C:\Users\admin.jonathan.julou\AppData\Local\Programs\MiKTeX\tex/latex/pgf/syst
emlayer\pgfsys.sty
(C:\Users\admin.jonathan.julou\AppData\Local\Programs\MiKTeX\tex/generic/pgf/sy
stemlayer\pgfsys.code.tex
Package: pgfsys 2025-08-29 v3.1.11a (3.1.11a)

(C:\Users\admin.jonathan.julou\AppData\Local\Programs\MiKTeX\tex/generic/pgf/ut
ilities\pgfkeys.code.tex
\pgfkeys@pathtoks=\toks24
\pgfkeys@temptoks=\toks25

(C:\Users\admin.jonathan.julou\AppData\Local\Programs\MiKTeX\tex/generic/pgf/ut
ilities\pgfkeyslibraryfiltered.code.tex
\pgfkeys@tmptoks=\toks26
))
\pgf@x=\dimen164
\pgf@y=\dimen165
\pgf@xa=\dimen166
\pgf@ya=\dimen167
\pgf@xb=\dimen168
\pgf@yb=\dimen169
\pgf@xc=\dimen170
\pgf@yc=\dimen171
\pgf@xd=\dimen172
\pgf@yd=\dimen173
\w@pgf@writea=\write3
\r@pgf@reada=\read2
\c@pgf@counta=\count295
\c@pgf@countb=\count296
\c@pgf@countc=\count297
\c@pgf@countd=\count298
\t@pgf@toka=\toks27
\t@pgf@tokb=\toks28
\t@pgf@tokc=\toks29
\pgf@sys@id@count=\count299

(C:\Users\admin.jonathan.julou\AppData\Local\Programs\MiKTeX\tex/generic/pgf/sy
stemlayer\pgf.cfg
File: pgf.cfg 2025-08-29 v3.1.11a (3.1.11a)
)
Driver file for pgf: pgfsys-pdftex.def

(C:\Users\admin.jonathan.julou\AppData\Local\Programs\MiKTeX\tex/generic/pgf/sy
stemlayer\pgfsys-pdftex.def
File: pgfsys-pdftex.def 2025-08-29 v3.1.11a (3.1.11a)

(C:\Users\admin.jonathan.julou\AppData\Local\Programs\MiKTeX\tex/generic/pgf/sy
stemlayer\pgfsys-common-pdf.def
File: pgfsys-common-pdf.def 2025-08-29 v3.1.11a (3.1.11a)
)))
(C:\Users\admin.jonathan.julou\AppData\Local\Programs\MiKTeX\tex/generic/pgf/sy
stemlayer\pgfsyssoftpath.code.tex
File: pgfsyssoftpath.code.tex 2025-08-29 v3.1.11a (3.1.11a)
\pgfsyssoftpath@smallbuffer@items=\count300
\pgfsyssoftpath@bigbuffer@items=\count301
)
(C:\Users\admin.jonathan.julou\AppData\Local\Programs\MiKTeX\tex/generic/pgf/sy
stemlayer\pgfsysprotocol.code.tex
File: pgfsysprotocol.code.tex 2025-08-29 v3.1.11a (3.1.11a)
))
(C:\Users\admin.jonathan.julou\AppData\Local\Programs\MiKTeX\tex/latex/xcolor\x
color.sty
Package: xcolor 2024/09/29 v3.02 LaTeX color extensions (UK)

(C:\Users\admin.jonathan.julou\AppData\Local\Programs\MiKTeX\tex/latex/graphics
-cfg\color.cfg
File: color.cfg 2016/01/02 v1.6 sample color configuration
)
Package xcolor Info: Driver file: pdftex.def on input line 274.

(C:\Users\admin.jonathan.julou\AppData\Local\Programs\MiKTeX\tex/latex/graphics
\mathcolor.ltx)
Package xcolor Info: Model `cmy' substituted by `cmy0' on input line 1349.
Package xcolor Info: Model `hsb' substituted by `rgb' on input line 1353.
Package xcolor Info: Model `RGB' extended on input line 1365.
Package xcolor Info: Model `HTML' substituted by `rgb' on input line 1367.
Package xcolor Info: Model `Hsb' substituted by `hsb' on input line 1368.
Package xcolor Info: Model `tHsb' substituted by `hsb' on input line 1369.
Package xcolor Info: Model `HSB' substituted by `hsb' on input line 1370.
Package xcolor Info: Model `Gray' substituted by `gray' on input line 1371.
Package xcolor Info: Model `wave' substituted by `hsb' on input line 1372.
)
(C:\Users\admin.jonathan.julou\AppData\Local\Programs\MiKTeX\tex/generic/pgf/ba
siclayer\pgfcore.code.tex
Package: pgfcore 2025-08-29 v3.1.11a (3.1.11a)

(C:\Users\admin.jonathan.julou\AppData\Local\Programs\MiKTeX\tex/generic/pgf/ma
th\pgfmath.code.tex
(C:\Users\admin.jonathan.julou\AppData\Local\Programs\MiKTeX\tex/generic/pgf/ma
th\pgfmathutil.code.tex)
(C:\Users\admin.jonathan.julou\AppData\Local\Programs\MiKTeX\tex/generic/pgf/ma
th\pgfmathparser.code.tex
\pgfmath@dimen=\dimen174
\pgfmath@count=\count302
\pgfmath@box=\box56
\pgfmath@toks=\toks30
\pgfmath@stack@operand=\toks31
\pgfmath@stack@operation=\toks32
)
(C:\Users\admin.jonathan.julou\AppData\Local\Programs\MiKTeX\tex/generic/pgf/ma
th\pgfmathfunctions.code.tex)
(C:\Users\admin.jonathan.julou\AppData\Local\Programs\MiKTeX\tex/generic/pgf/ma
th\pgfmathfunctions.basic.code.tex)
(C:\Users\admin.jonathan.julou\AppData\Local\Programs\MiKTeX\tex/generic/pgf/ma
th\pgfmathfunctions.trigonometric.code.tex)
(C:\Users\admin.jonathan.julou\AppData\Local\Programs\MiKTeX\tex/generic/pgf/ma
th\pgfmathfunctions.random.code.tex)
(C:\Users\admin.jonathan.julou\AppData\Local\Programs\MiKTeX\tex/generic/pgf/ma
th\pgfmathfunctions.comparison.code.tex)
(C:\Users\admin.jonathan.julou\AppData\Local\Programs\MiKTeX\tex/generic/pgf/ma
th\pgfmathfunctions.base.code.tex)
(C:\Users\admin.jonathan.julou\AppData\Local\Programs\MiKTeX\tex/generic/pgf/ma
th\pgfmathfunctions.round.code.tex)
(C:\Users\admin.jonathan.julou\AppData\Local\Programs\MiKTeX\tex/generic/pgf/ma
th\pgfmathfunctions.misc.code.tex)
(C:\Users\admin.jonathan.julou\AppData\Local\Programs\MiKTeX\tex/generic/pgf/ma
th\pgfmathfunctions.integerarithmetics.code.tex)
(C:\Users\admin.jonathan.julou\AppData\Local\Programs\MiKTeX\tex/generic/pgf/ma
th\pgfmathcalc.code.tex)
(C:\Users\admin.jonathan.julou\AppData\Local\Programs\MiKTeX\tex/generic/pgf/ma
th\pgfmathfloat.code.tex
\c@pgfmathroundto@lastzeros=\count303
))
(C:\Users\admin.jonathan.julou\AppData\Local\Programs\MiKTeX\tex/generic/pgf/ma
th\pgfint.code.tex)
(C:\Users\admin.jonathan.julou\AppData\Local\Programs\MiKTeX\tex/generic/pgf/ba
siclayer\pgfcorepoints.code.tex
File: pgfcorepoints.code.tex 2025-08-29 v3.1.11a (3.1.11a)
\pgf@picminx=\dimen175
\pgf@picmaxx=\dimen176
\pgf@picminy=\dimen177
\pgf@picmaxy=\dimen178
\pgf@pathminx=\dimen179
\pgf@pathmaxx=\dimen180
\pgf@pathminy=\dimen181
\pgf@pathmaxy=\dimen182
\pgf@xx=\dimen183
\pgf@xy=\dimen184
\pgf@yx=\dimen185
\pgf@yy=\dimen186
\pgf@zx=\dimen187
\pgf@zy=\dimen188
)
(C:\Users\admin.jonathan.julou\AppData\Local\Programs\MiKTeX\tex/generic/pgf/ba
siclayer\pgfcorepathconstruct.code.tex
File: pgfcorepathconstruct.code.tex 2025-08-29 v3.1.11a (3.1.11a)
\pgf@path@lastx=\dimen189
\pgf@path@lasty=\dimen190
)
(C:\Users\admin.jonathan.julou\AppData\Local\Programs\MiKTeX\tex/generic/pgf/ba
siclayer\pgfcorepathusage.code.tex
File: pgfcorepathusage.code.tex 2025-08-29 v3.1.11a (3.1.11a)
\pgf@shorten@end@additional=\dimen191
\pgf@shorten@start@additional=\dimen192
)
(C:\Users\admin.jonathan.julou\AppData\Local\Programs\MiKTeX\tex/generic/pgf/ba
siclayer\pgfcorescopes.code.tex
File: pgfcorescopes.code.tex 2025-08-29 v3.1.11a (3.1.11a)
\pgfpic=\box57
\pgf@hbox=\box58
\pgf@layerbox@main=\box59
\pgf@picture@serial@count=\count304
)
(C:\Users\admin.jonathan.julou\AppData\Local\Programs\MiKTeX\tex/generic/pgf/ba
siclayer\pgfcoregraphicstate.code.tex
File: pgfcoregraphicstate.code.tex 2025-08-29 v3.1.11a (3.1.11a)
\pgflinewidth=\dimen193
)
(C:\Users\admin.jonathan.julou\AppData\Local\Programs\MiKTeX\tex/generic/pgf/ba
siclayer\pgfcoretransformations.code.tex
File: pgfcoretransformations.code.tex 2025-08-29 v3.1.11a (3.1.11a)
\pgf@pt@x=\dimen194
\pgf@pt@y=\dimen195
\pgf@pt@temp=\dimen196
)
(C:\Users\admin.jonathan.julou\AppData\Local\Programs\MiKTeX\tex/generic/pgf/ba
siclayer\pgfcorequick.code.tex
File: pgfcorequick.code.tex 2025-08-29 v3.1.11a (3.1.11a)
)
(C:\Users\admin.jonathan.julou\AppData\Local\Programs\MiKTeX\tex/generic/pgf/ba
siclayer\pgfcoreobjects.code.tex
File: pgfcoreobjects.code.tex 2025-08-29 v3.1.11a (3.1.11a)
)
(C:\Users\admin.jonathan.julou\AppData\Local\Programs\MiKTeX\tex/generic/pgf/ba
siclayer\pgfcorepathprocessing.code.tex
File: pgfcorepathprocessing.code.tex 2025-08-29 v3.1.11a (3.1.11a)
)
(C:\Users\admin.jonathan.julou\AppData\Local\Programs\MiKTeX\tex/generic/pgf/ba
siclayer\pgfcorearrows.code.tex
File: pgfcorearrows.code.tex 2025-08-29 v3.1.11a (3.1.11a)
\pgfarrowsep=\dimen197
)
(C:\Users\admin.jonathan.julou\AppData\Local\Programs\MiKTeX\tex/generic/pgf/ba
siclayer\pgfcoreshade.code.tex
File: pgfcoreshade.code.tex 2025-08-29 v3.1.11a (3.1.11a)
\pgf@max=\dimen198
\pgf@sys@shading@range@num=\count305
\pgf@shadingcount=\count306
)
(C:\Users\admin.jonathan.julou\AppData\Local\Programs\MiKTeX\tex/generic/pgf/ba
siclayer\pgfcoreimage.code.tex
File: pgfcoreimage.code.tex 2025-08-29 v3.1.11a (3.1.11a)
)
(C:\Users\admin.jonathan.julou\AppData\Local\Programs\MiKTeX\tex/generic/pgf/ba
siclayer\pgfcoreexternal.code.tex
File: pgfcoreexternal.code.tex 2025-08-29 v3.1.11a (3.1.11a)
\pgfexternal@startupbox=\box60
)
(C:\Users\admin.jonathan.julou\AppData\Local\Programs\MiKTeX\tex/generic/pgf/ba
siclayer\pgfcorelayers.code.tex
File: pgfcorelayers.code.tex 2025-08-29 v3.1.11a (3.1.11a)
)
(C:\Users\admin.jonathan.julou\AppData\Local\Programs\MiKTeX\tex/generic/pgf/ba
siclayer\pgfcoretransparency.code.tex
File: pgfcoretransparency.code.tex 2025-08-29 v3.1.11a (3.1.11a)
)
(C:\Users\admin.jonathan.julou\AppData\Local\Programs\MiKTeX\tex/generic/pgf/ba
siclayer\pgfcorepatterns.code.tex
File: pgfcorepatterns.code.tex 2025-08-29 v3.1.11a (3.1.11a)
)
(C:\Users\admin.jonathan.julou\AppData\Local\Programs\MiKTeX\tex/generic/pgf/ba
siclayer\pgfcorerdf.code.tex
File: pgfcorerdf.code.tex 2025-08-29 v3.1.11a (3.1.11a)
)))
(C:\Users\admin.jonathan.julou\AppData\Local\Programs\MiKTeX\tex/generic/pgf/mo
dules\pgfmoduleshapes.code.tex
File: pgfmoduleshapes.code.tex 2025-08-29 v3.1.11a (3.1.11a)
\pgfnodeparttextbox=\box61
)
(C:\Users\admin.jonathan.julou\AppData\Local\Programs\MiKTeX\tex/generic/pgf/mo
dules\pgfmoduleplot.code.tex
File: pgfmoduleplot.code.tex 2025-08-29 v3.1.11a (3.1.11a)
)
(C:\Users\admin.jonathan.julou\AppData\Local\Programs\MiKTeX\tex/latex/pgf/comp
atibility\pgfcomp-version-0-65.sty
Package: pgfcomp-version-0-65 2025-08-29 v3.1.11a (3.1.11a)
\pgf@nodesepstart=\dimen199
\pgf@nodesepend=\dimen256
)
(C:\Users\admin.jonathan.julou\AppData\Local\Programs\MiKTeX\tex/latex/pgf/comp
atibility\pgfcomp-version-1-18.sty
Package: pgfcomp-version-1-18 2025-08-29 v3.1.11a (3.1.11a)
))
(C:\Users\admin.jonathan.julou\AppData\Local\Programs\MiKTeX\tex/latex/pgf/util
ities\pgffor.sty
(C:\Users\admin.jonathan.julou\AppData\Local\Programs\MiKTeX\tex/latex/pgf/util
ities\pgfkeys.sty
(C:\Users\admin.jonathan.julou\AppData\Local\Programs\MiKTeX\tex/generic/pgf/ut
ilities\pgfkeys.code.tex))
(C:\Users\admin.jonathan.julou\AppData\Local\Programs\MiKTeX\tex/latex/pgf/math
\pgfmath.sty
(C:\Users\admin.jonathan.julou\AppData\Local\Programs\MiKTeX\tex/generic/pgf/ma
th\pgfmath.code.tex))
(C:\Users\admin.jonathan.julou\AppData\Local\Programs\MiKTeX\tex/generic/pgf/ut
ilities\pgffor.code.tex
Package: pgffor 2025-08-29 v3.1.11a (3.1.11a)
\pgffor@iter=\dimen257
\pgffor@skip=\dimen258
\pgffor@stack=\toks33
\pgffor@toks=\toks34
))
(C:\Users\admin.jonathan.julou\AppData\Local\Programs\MiKTeX\tex/generic/pgf/fr
ontendlayer/tikz\tikz.code.tex
Package: tikz 2025-08-29 v3.1.11a (3.1.11a)

(C:\Users\admin.jonathan.julou\AppData\Local\Programs\MiKTeX\tex/generic/pgf/li
braries\pgflibraryplothandlers.code.tex
File: pgflibraryplothandlers.code.tex 2025-08-29 v3.1.11a (3.1.11a)
\pgf@plot@mark@count=\count307
\pgfplotmarksize=\dimen259
)
\tikz@lastx=\dimen260
\tikz@lasty=\dimen261
\tikz@lastxsaved=\dimen262
\tikz@lastysaved=\dimen263
\tikz@lastmovetox=\dimen264
\tikz@lastmovetoy=\dimen265
\tikzleveldistance=\dimen266
\tikzsiblingdistance=\dimen267
\tikz@figbox=\box62
\tikz@figbox@bg=\box63
\tikz@tempbox=\box64
\tikz@tempbox@bg=\box65
\tikztreelevel=\count308
\tikznumberofchildren=\count309
\tikznumberofcurrentchild=\count310
\tikz@fig@count=\count311

(C:\Users\admin.jonathan.julou\AppData\Local\Programs\MiKTeX\tex/generic/pgf/mo
dules\pgfmodulematrix.code.tex
File: pgfmodulematrix.code.tex 2025-08-29 v3.1.11a (3.1.11a)
\pgfmatrixcurrentrow=\count312
\pgfmatrixcurrentcolumn=\count313
\pgf@matrix@numberofcolumns=\count314
)
\tikz@expandcount=\count315

(C:\Users\admin.jonathan.julou\AppData\Local\Programs\MiKTeX\tex/generic/pgf/fr
ontendlayer/tikz/libraries\tikzlibrarytopaths.code.tex
File: tikzlibrarytopaths.code.tex 2025-08-29 v3.1.11a (3.1.11a)
)))
(C:\Users\admin.jonathan.julou\AppData\Local\Programs\MiKTeX\tex/generic/pgfplo
ts\pgfplots.code.tex
(C:\Users\admin.jonathan.julou\AppData\Local\Programs\MiKTeX\tex/generic/pgfplo
ts\pgfplotscore.code.tex
\t@pgfplots@toka=\toks35
\t@pgfplots@tokb=\toks36
\t@pgfplots@tokc=\toks37
\pgfplots@tmpa=\dimen268
\c@pgfplots@coordindex=\count316
\c@pgfplots@scanlineindex=\count317

(C:\Users\admin.jonathan.julou\AppData\Local\Programs\MiKTeX\tex/generic/pgfplo
ts/sys\pgfplotssysgeneric.code.tex))
(C:\Users\admin.jonathan.julou\AppData\Local\Programs\MiKTeX\tex/generic/pgfplo
ts/libs\pgfplotslibrary.code.tex)
(C:\Users\admin.jonathan.julou\AppData\Local\Programs\MiKTeX\tex/generic/pgfplo
ts/oldpgfcompatib\pgfplotsoldpgfsupp_loader.code.tex
(C:\Users\admin.jonathan.julou\AppData\Local\Programs\MiKTeX\tex/generic/pgf/li
braries\pgflibraryfpu.code.tex)
Package pgfplots: loading complementary utilities for your pgf version...
\t@pgf@toka=\toks38
\t@pgf@tokb=\toks39
\t@pgf@tokc=\toks40

(C:\Users\admin.jonathan.julou\AppData\Local\Programs\MiKTeX\tex/generic/pgfplo
ts/oldpgfcompatib\pgfplotsoldpgfsupp_pgfutil-common-lists.tex))
(C:\Users\admin.jonathan.julou\AppData\Local\Programs\MiKTeX\tex/generic/pgfplo
ts/util\pgfplotsutil.code.tex
(C:\Users\admin.jonathan.julou\AppData\Local\Programs\MiKTeX\tex/generic/pgfplo
ts/liststructure\pgfplotsliststructure.code.tex)
(C:\Users\admin.jonathan.julou\AppData\Local\Programs\MiKTeX\tex/generic/pgfplo
ts/liststructure\pgfplotsliststructureext.code.tex)
(C:\Users\admin.jonathan.julou\AppData\Local\Programs\MiKTeX\tex/generic/pgfplo
ts/liststructure\pgfplotsarray.code.tex
\c@pgfplotsarray@tmp=\count318
)
(C:\Users\admin.jonathan.julou\AppData\Local\Programs\MiKTeX\tex/generic/pgfplo
ts/liststructure\pgfplotsmatrix.code.tex)
(C:\Users\admin.jonathan.julou\AppData\Local\Programs\MiKTeX\tex/generic/pgfplo
ts/numtable\pgfplotstableshared.code.tex
\c@pgfplotstable@counta=\count319
\t@pgfplotstable@a=\toks41
)
(C:\Users\admin.jonathan.julou\AppData\Local\Programs\MiKTeX\tex/generic/pgfplo
ts/liststructure\pgfplotsdeque.code.tex)
(C:\Users\admin.jonathan.julou\AppData\Local\Programs\MiKTeX\tex/generic/pgfplo
ts/util\pgfplotsbinary.code.tex
(C:\Users\admin.jonathan.julou\AppData\Local\Programs\MiKTeX\tex/generic/pgfplo
ts/util\pgfplotsbinary.data.code.tex))
(C:\Users\admin.jonathan.julou\AppData\Local\Programs\MiKTeX\tex/generic/pgfplo
ts/util\pgfplotsutil.verb.code.tex)
(C:\Users\admin.jonathan.julou\AppData\Local\Programs\MiKTeX\tex/generic/pgfplo
ts/libs\pgflibrarypgfplots.surfshading.code.tex
\c@pgfplotslibrarysurf@no=\count320

(C:\Users\admin.jonathan.julou\AppData\Local\Programs\MiKTeX\tex/generic/pgfplo
ts/sys\pgflibrarypgfplots.surfshading.pgfsys-pdftex.def)))
(C:\Users\admin.jonathan.julou\AppData\Local\Programs\MiKTeX\tex/generic/pgfplo
ts/util\pgfplotscolormap.code.tex
(C:\Users\admin.jonathan.julou\AppData\Local\Programs\MiKTeX\tex/generic/pgfplo
ts/util\pgfplotscolor.code.tex))
(C:\Users\admin.jonathan.julou\AppData\Local\Programs\MiKTeX\tex/generic/pgfplo
ts\pgfplotsstackedplots.code.tex)
(C:\Users\admin.jonathan.julou\AppData\Local\Programs\MiKTeX\tex/generic/pgfplo
ts\pgfplotsplothandlers.code.tex
(C:\Users\admin.jonathan.julou\AppData\Local\Programs\MiKTeX\tex/generic/pgfplo
ts\pgfplotsmeshplothandler.code.tex
(C:\Users\admin.jonathan.julou\AppData\Local\Programs\MiKTeX\tex/generic/pgfplo
ts\pgfplotsmeshplotimage.code.tex)))
(C:\Users\admin.jonathan.julou\AppData\Local\Programs\MiKTeX\tex/generic/pgfplo
ts\pgfplots.scaling.code.tex)
(C:\Users\admin.jonathan.julou\AppData\Local\Programs\MiKTeX\tex/generic/pgfplo
ts\pgfplotscoordprocessing.code.tex)
(C:\Users\admin.jonathan.julou\AppData\Local\Programs\MiKTeX\tex/generic/pgfplo
ts\pgfplots.errorbars.code.tex)
(C:\Users\admin.jonathan.julou\AppData\Local\Programs\MiKTeX\tex/generic/pgfplo
ts\pgfplots.markers.code.tex)
(C:\Users\admin.jonathan.julou\AppData\Local\Programs\MiKTeX\tex/generic/pgfplo
ts\pgfplotsticks.code.tex)
(C:\Users\admin.jonathan.julou\AppData\Local\Programs\MiKTeX\tex/generic/pgfplo
ts\pgfplots.paths.code.tex)
(C:\Users\admin.jonathan.julou\AppData\Local\Programs\MiKTeX\tex/generic/pgf/fr
ontendlayer/tikz/libraries\tikzlibrarydecorations.code.tex
(C:\Users\admin.jonathan.julou\AppData\Local\Programs\MiKTeX\tex/generic/pgf/mo
dules\pgfmoduledecorations.code.tex
\pgfdecoratedcompleteddistance=\dimen269
\pgfdecoratedremainingdistance=\dimen270
\pgfdecoratedinputsegmentcompleteddistance=\dimen271
\pgfdecoratedinputsegmentremainingdistance=\dimen272
\pgf@decorate@distancetomove=\dimen273
\pgf@decorate@repeatstate=\count321
\pgfdecorationsegmentamplitude=\dimen274
\pgfdecorationsegmentlength=\dimen275
)
\tikz@lib@dec@box=\box66
)
(C:\Users\admin.jonathan.julou\AppData\Local\Programs\MiKTeX\tex/generic/pgf/fr
ontendlayer/tikz/libraries\tikzlibrarydecorations.pathmorphing.code.tex
(C:\Users\admin.jonathan.julou\AppData\Local\Programs\MiKTeX\tex/generic/pgf/li
braries/decorations\pgflibrarydecorations.pathmorphing.code.tex))
(C:\Users\admin.jonathan.julou\AppData\Local\Programs\MiKTeX\tex/generic/pgf/fr
ontendlayer/tikz/libraries\tikzlibrarydecorations.pathreplacing.code.tex
(C:\Users\admin.jonathan.julou\AppData\Local\Programs\MiKTeX\tex/generic/pgf/li
braries/decorations\pgflibrarydecorations.pathreplacing.code.tex))
(C:\Users\admin.jonathan.julou\AppData\Local\Programs\MiKTeX\tex/generic/pgfplo
ts/libs\tikzlibrarypgfplots.contourlua.code.tex)
\pgfplots@numplots=\count322
\pgfplots@xmin@reg=\dimen276
\pgfplots@xmax@reg=\dimen277
\pgfplots@ymin@reg=\dimen278
\pgfplots@ymax@reg=\dimen279
\pgfplots@zmin@reg=\dimen280
\pgfplots@zmax@reg=\dimen281
)
(C:\Users\admin.jonathan.julou\AppData\Local\Programs\MiKTeX\tex/generic/pgf/fr
ontendlayer/tikz/libraries\tikzlibraryplotmarks.code.tex
File: tikzlibraryplotmarks.code.tex 2025-08-29 v3.1.11a (3.1.11a)

(C:\Users\admin.jonathan.julou\AppData\Local\Programs\MiKTeX\tex/generic/pgf/li
braries\pgflibraryplotmarks.code.tex
File: pgflibraryplotmarks.code.tex 2025-08-29 v3.1.11a (3.1.11a)
)))
(C:\Users\admin.jonathan.julou\AppData\Local\Programs\MiKTeX\tex/generic/babel\
babel.sty
Package: babel 2025/11/09 v25.15 The multilingual framework for LuaLaTeX, pdfLa
TeX and XeLaTeX
\babel@savecnt=\count323
LaTeX Encoding Info:    Redeclaring text command \ij (encoding OT1) on input li
ne 2050.
LaTeX Encoding Info:    Redeclaring text command \IJ (encoding OT1) on input li
ne 2052.
LaTeX Encoding Info:    Redeclaring text command \ij (encoding T1) on input lin
e 2054.
LaTeX Encoding Info:    Redeclaring text command \IJ (encoding T1) on input lin
e 2055.
LaTeX Encoding Info:    Ignoring declaration for text command \ij (encoding ?) 
on input line 2056.
LaTeX Encoding Info:    Ignoring declaration for text command \IJ (encoding ?) 
on input line 2058.
LaTeX Encoding Info:    Ignoring declaration for text command \SS (encoding ?) 
on input line 2083.
\U@D=\dimen282
\l@unhyphenated=\language79

(C:\Users\admin.jonathan.julou\AppData\Local\Programs\MiKTeX\tex/generic/babel\
txtbabel.def)
\bbl@readstream=\read3
\bbl@dirlevel=\count324
Package babel Info: Configuration files are deprecated, as
(babel)             they can break document portability.
(babel)             Reported on input line 4175.

*************************************
* Local config file bblopts.cfg used
*

(C:\Users\admin.jonathan.julou\AppData\Local\Programs\MiKTeX\tex/latex/arabi\bb
lopts.cfg
File: bblopts.cfg 2005/09/08 v0.1 add Arabic and Farsi to "declared" options of
 babel
)
(C:\Users\admin.jonathan.julou\AppData\Local\Programs\MiKTeX\tex/generic/babel/
locale/en\babel-english.tex)
Package babel Info: Importing font and identification data for english
(babel)             from babel-en.ini. Reported on input line 4298.

(C:\Users\admin.jonathan.julou\AppData\Local\Programs\MiKTeX\tex/latex/babel-en
glish\english.ldf
Language: english 2017/06/06 v3.3r English support from the babel system
Package babel Info: Hyphen rules for 'canadian' set to \l@english
(babel)             (\language0). Reported on input line 102.
Package babel Info: Hyphen rules for 'australian' set to \l@ukenglish
(babel)             (\language73). Reported on input line 105.
Package babel Info: Hyphen rules for 'newzealand' set to \l@ukenglish
(babel)             (\language73). Reported on input line 108.
))
(C:\Users\admin.jonathan.julou\AppData\Local\Programs\MiKTeX\tex/latex/geometry
\geometry.sty
Package: geometry 2020/01/02 v5.9 Page Geometry

(C:\Users\admin.jonathan.julou\AppData\Local\Programs\MiKTeX\tex/generic/iftex\
ifvtex.sty
Package: ifvtex 2019/10/25 v1.7 ifvtex legacy package. Use iftex instead.

(C:\Users\admin.jonathan.julou\AppData\Local\Programs\MiKTeX\tex/generic/iftex\
iftex.sty
Package: iftex 2024/12/12 v1.0g TeX engine tests
))
\Gm@cnth=\count325
\Gm@cntv=\count326
\c@Gm@tempcnt=\count327
\Gm@bindingoffset=\dimen283
\Gm@wd@mp=\dimen284
\Gm@odd@mp=\dimen285
\Gm@even@mp=\dimen286
\Gm@layoutwidth=\dimen287
\Gm@layoutheight=\dimen288
\Gm@layouthoffset=\dimen289
\Gm@layoutvoffset=\dimen290
\Gm@dimlist=\toks42

(C:\Users\admin.jonathan.julou\AppData\Local\Programs\MiKTeX\tex/latex/geometry
\geometry.cfg))

Package geometry Warning: Over-specification in `h'-direction.
    `width' (483.69684pt) is ignored.


Package geometry Warning: Over-specification in `v'-direction.
    `height' (731.23582pt) is ignored.


(C:\Users\admin.jonathan.julou\AppData\Local\Programs\MiKTeX\tex/latex/comment\
comment.sty
\CommentStream=\write4
 Excluding comment 'comment')
(C:\Users\admin.jonathan.julou\AppData\Local\Programs\MiKTeX\tex/latex/microtyp
e\microtype.sty
Package: microtype 2025/07/09 v3.2b Micro-typographical refinements (RS)

(C:\Users\admin.jonathan.julou\AppData\Local\Programs\MiKTeX\tex/latex/etoolbox
\etoolbox.sty
Package: etoolbox 2025/10/02 v2.5m e-TeX tools for LaTeX (JAW)
\etb@tempcnta=\count328
)
\MT@toks=\toks43
\MT@tempbox=\box67
\MT@count=\count329
LaTeX Info: Redefining \noprotrusionifhmode on input line 1087.
LaTeX Info: Redefining \leftprotrusion on input line 1088.
\MT@prot@toks=\toks44
LaTeX Info: Redefining \rightprotrusion on input line 1107.
LaTeX Info: Redefining \textls on input line 1449.
\MT@outer@kern=\dimen291
LaTeX Info: Redefining \microtypecontext on input line 2053.
LaTeX Info: Redefining \textmicrotypecontext on input line 2070.
\MT@listname@count=\count330

(C:\Users\admin.jonathan.julou\AppData\Local\Programs\MiKTeX\tex/latex/microtyp
e\microtype-pdftex.def
File: microtype-pdftex.def 2025/07/09 v3.2b Definitions specific to pdftex (RS)

LaTeX Info: Redefining \lsstyle on input line 944.
LaTeX Info: Redefining \lslig on input line 944.
\MT@outer@space=\skip54
)
Package microtype Info: Loading configuration file microtype.cfg.

(C:\Users\admin.jonathan.julou\AppData\Local\Programs\MiKTeX\tex/latex/microtyp
e\microtype.cfg
File: microtype.cfg 2025/07/09 v3.2b microtype main configuration file (RS)
)
LaTeX Info: Redefining \microtypesetup on input line 3065.
)
(C:\Users\admin.jonathan.julou\AppData\Local\Programs\MiKTeX\tex/latex/caption\
caption.sty
Package: caption 2023/08/05 v3.6o Customizing captions (AR)

(C:\Users\admin.jonathan.julou\AppData\Local\Programs\MiKTeX\tex/latex/caption\
caption3.sty
Package: caption3 2023/07/31 v2.4d caption3 kernel (AR)
\caption@tempdima=\dimen292
\captionmargin=\dimen293
\caption@leftmargin=\dimen294
\caption@rightmargin=\dimen295
\caption@width=\dimen296
\caption@indent=\dimen297
\caption@parindent=\dimen298
\caption@hangindent=\dimen299
Package caption Info: Standard document class detected.
)
\c@caption@flags=\count331
\c@continuedfloat=\count332
)
(C:\Users\admin.jonathan.julou\AppData\Local\Programs\MiKTeX\tex/latex/booktabs
\booktabs.sty
Package: booktabs 2020/01/12 v1.61803398 Publication quality tables
\heavyrulewidth=\dimen300
\lightrulewidth=\dimen301
\cmidrulewidth=\dimen302
\belowrulesep=\dimen303
\belowbottomsep=\dimen304
\aboverulesep=\dimen305
\abovetopsep=\dimen306
\cmidrulesep=\dimen307
\cmidrulekern=\dimen308
\defaultaddspace=\dimen309
\@cmidla=\count333
\@cmidlb=\count334
\@aboverulesep=\dimen310
\@belowrulesep=\dimen311
\@thisruleclass=\count335
\@lastruleclass=\count336
\@thisrulewidth=\dimen312
)
(C:\Users\admin.jonathan.julou\AppData\Local\Programs\MiKTeX\tex/latex/lettrine
\lettrine.sty
File: lettrine.sty 2025-01-30 v2.80 (Daniel Flipo)

(C:\Users\admin.jonathan.julou\AppData\Local\Programs\MiKTeX\tex/latex/l3packag
es/xfp\xfp.sty
(C:\Users\admin.jonathan.julou\AppData\Local\Programs\MiKTeX\tex/latex/l3kernel
\expl3.sty
Package: expl3 2025-11-06 L3 programming layer (loader) 

(C:\Users\admin.jonathan.julou\AppData\Local\Programs\MiKTeX\tex/latex/l3backen
d\l3backend-pdftex.def
File: l3backend-pdftex.def 2025-10-09 L3 backend support: PDF output (pdfTeX)
\l__color_backend_stack_int=\count337
))
Package: xfp 2025-10-09 L3 Floating point unit
)
\c@DefaultLines=\count338
\c@DefaultDepth=\count339
\DefaultFindent=\dimen313
\DefaultNindent=\dimen314
\DefaultSlope=\dimen315
\DiscardVskip=\dimen316
\L@lettrine=\box68
\L@lbox=\box69
\L@tbox=\box70
\c@L@lines=\count340
\c@L@depth=\count341
\L@Pindent=\dimen317
\L@Findent=\dimen318
\L@Nindent=\dimen319
\L@lraise=\dimen320
\L@first=\dimen321
\L@next=\dimen322
\L@slope=\dimen323
\L@height=\dimen324
\L@novskip=\dimen325
\L@target@ht=\dimen326
\L@target@dp=\dimen327
\L@target@tht=\dimen328
\LettrineWidth=\dimen329
\LettrineHeight=\dimen330
\LettrineDepth=\dimen331
\L@finalht=\dimen332
\L@finaldp=\dimen333

Loading lettrine.cfg

(C:\Users\admin.jonathan.julou\AppData\Local\Programs\MiKTeX\tex/latex/lettrine
\lettrine.cfg)
\Lettrine@tweaks=\toks45
\Llist@everypar=\toks46
)
(C:\Users\admin.jonathan.julou\AppData\Local\Programs\MiKTeX\tex/latex/enumitem
\enumitem.sty
Package: enumitem 2025/02/06 v3.11 Customized lists
\labelindent=\skip55
\enit@outerparindent=\dimen334
\enit@toks=\toks47
\enit@inbox=\box71
\enit@count@id=\count342
\enitdp@description=\count343
)
(C:\Users\admin.jonathan.julou\AppData\Local\Programs\MiKTeX\tex/latex/abstract
\abstract.sty
Package: abstract 2009/06/08 v1.2a configurable abstracts
\abstitleskip=\skip56
\absleftindent=\skip57
\absrightindent=\skip58
\absparindent=\skip59
\absparsep=\skip60
)
(C:\Users\admin.jonathan.julou\AppData\Local\Programs\MiKTeX\tex/latex/titlesec
\titlesec.sty
Package: titlesec 2025/01/04 v2.17 Sectioning titles
\ttl@box=\box72
\beforetitleunit=\skip61
\aftertitleunit=\skip62
\ttl@plus=\dimen335
\ttl@minus=\dimen336
\ttl@toksa=\toks48
\titlewidth=\dimen337
\titlewidthlast=\dimen338
\titlewidthfirst=\dimen339
)
(C:\Users\admin.jonathan.julou\AppData\Local\Programs\MiKTeX\tex/latex/titling\
titling.sty
Package: titling 2009/09/04 v2.1d maketitle typesetting
\thanksmarkwidth=\skip63
\thanksmargin=\skip64
\droptitle=\skip65
)
(C:\Users\admin.jonathan.julou\AppData\Local\Programs\MiKTeX\tex/latex/hyperref
\hyperref.sty
Package: hyperref 2025-07-12 v7.01o Hypertext links for LaTeX

(C:\Users\admin.jonathan.julou\AppData\Local\Programs\MiKTeX\tex/latex/kvsetkey
s\kvsetkeys.sty
Package: kvsetkeys 2022-10-05 v1.19 Key value parser (HO)
)
(C:\Users\admin.jonathan.julou\AppData\Local\Programs\MiKTeX\tex/generic/kvdefi
nekeys\kvdefinekeys.sty
Package: kvdefinekeys 2019-12-19 v1.6 Define keys (HO)
)
(C:\Users\admin.jonathan.julou\AppData\Local\Programs\MiKTeX\tex/generic/pdfesc
ape\pdfescape.sty
Package: pdfescape 2019/12/09 v1.15 Implements pdfTeX's escape features (HO)

(C:\Users\admin.jonathan.julou\AppData\Local\Programs\MiKTeX\tex/generic/ltxcmd
s\ltxcmds.sty
Package: ltxcmds 2023-12-04 v1.26 LaTeX kernel commands for general use (HO)
)
(C:\Users\admin.jonathan.julou\AppData\Local\Programs\MiKTeX\tex/generic/pdftex
cmds\pdftexcmds.sty
Package: pdftexcmds 2020-06-27 v0.33 Utility functions of pdfTeX for LuaTeX (HO
)

(C:\Users\admin.jonathan.julou\AppData\Local\Programs\MiKTeX\tex/generic/infwar
err\infwarerr.sty
Package: infwarerr 2019/12/03 v1.5 Providing info/warning/error messages (HO)
)
Package pdftexcmds Info: \pdf@primitive is available.
Package pdftexcmds Info: \pdf@ifprimitive is available.
Package pdftexcmds Info: \pdfdraftmode found.
))
(C:\Users\admin.jonathan.julou\AppData\Local\Programs\MiKTeX\tex/latex/hycolor\
hycolor.sty
Package: hycolor 2020-01-27 v1.10 Color options for hyperref/bookmark (HO)
)
(C:\Users\admin.jonathan.julou\AppData\Local\Programs\MiKTeX\tex/latex/hyperref
\nameref.sty
Package: nameref 2025-06-21 v2.57 Cross-referencing by name of section

(C:\Users\admin.jonathan.julou\AppData\Local\Programs\MiKTeX\tex/latex/refcount
\refcount.sty
Package: refcount 2019/12/15 v3.6 Data extraction from label references (HO)
)
(C:\Users\admin.jonathan.julou\AppData\Local\Programs\MiKTeX\tex/generic/gettit
lestring\gettitlestring.sty
Package: gettitlestring 2019/12/15 v1.6 Cleanup title references (HO)

(C:\Users\admin.jonathan.julou\AppData\Local\Programs\MiKTeX\tex/latex/kvoption
s\kvoptions.sty
Package: kvoptions 2022-06-15 v3.15 Key value format for package options (HO)
))
\c@section@level=\count344
)
(C:\Users\admin.jonathan.julou\AppData\Local\Programs\MiKTeX\tex/generic/string
enc\stringenc.sty
Package: stringenc 2019/11/29 v1.12 Convert strings between diff. encodings (HO
)
)
\@linkdim=\dimen340
\Hy@linkcounter=\count345
\Hy@pagecounter=\count346

(C:\Users\admin.jonathan.julou\AppData\Local\Programs\MiKTeX\tex/latex/hyperref
\pd1enc.def
File: pd1enc.def 2025-07-12 v7.01o Hyperref: PDFDocEncoding definition (HO)
Now handling font encoding PD1 ...
... no UTF-8 mapping file for font encoding PD1
)
(C:\Users\admin.jonathan.julou\AppData\Local\Programs\MiKTeX\tex/generic/intcal
c\intcalc.sty
Package: intcalc 2019/12/15 v1.3 Expandable calculations with integers (HO)
)
\Hy@SavedSpaceFactor=\count347

(C:\Users\admin.jonathan.julou\AppData\Local\Programs\MiKTeX\tex/latex/hyperref
\puenc.def
File: puenc.def 2025-07-12 v7.01o Hyperref: PDF Unicode definition (HO)
Now handling font encoding PU ...
... no UTF-8 mapping file for font encoding PU
)
Package hyperref Info: Hyper figures OFF on input line 4195.
Package hyperref Info: Link nesting OFF on input line 4200.
Package hyperref Info: Hyper index ON on input line 4203.
Package hyperref Info: Plain pages OFF on input line 4210.
Package hyperref Info: Backreferencing OFF on input line 4215.
Package hyperref Info: Implicit mode ON; LaTeX internals redefined.
Package hyperref Info: Bookmarks ON on input line 4462.
\c@Hy@tempcnt=\count348

(C:\Users\admin.jonathan.julou\AppData\Local\Programs\MiKTeX\tex/latex/url\url.
sty
\Urlmuskip=\muskip18
Package: url 2013/09/16  ver 3.4  Verb mode for urls, etc.
)
LaTeX Info: Redefining \url on input line 4801.
\XeTeXLinkMargin=\dimen341

(C:\Users\admin.jonathan.julou\AppData\Local\Programs\MiKTeX\tex/generic/bitset
\bitset.sty
Package: bitset 2019/12/09 v1.3 Handle bit-vector datatype (HO)

(C:\Users\admin.jonathan.julou\AppData\Local\Programs\MiKTeX\tex/generic/bigint
calc\bigintcalc.sty
Package: bigintcalc 2019/12/15 v1.5 Expandable calculations on big integers (HO
)
))
\Fld@menulength=\count349
\Field@Width=\dimen342
\Fld@charsize=\dimen343
Package hyperref Info: Hyper figures OFF on input line 6078.
Package hyperref Info: Link nesting OFF on input line 6083.
Package hyperref Info: Hyper index ON on input line 6086.
Package hyperref Info: backreferencing OFF on input line 6093.
Package hyperref Info: Link coloring OFF on input line 6098.
Package hyperref Info: Link coloring with OCG OFF on input line 6103.
Package hyperref Info: PDF/A mode OFF on input line 6108.
\Hy@abspage=\count350
\c@Item=\count351
\c@Hfootnote=\count352
)
Package hyperref Info: Driver (autodetected): hpdftex.

(C:\Users\admin.jonathan.julou\AppData\Local\Programs\MiKTeX\tex/latex/hyperref
\hpdftex.def
File: hpdftex.def 2025-07-12 v7.01o Hyperref driver for pdfTeX
\Fld@listcount=\count353
\c@bookmark@seq@number=\count354

(C:\Users\admin.jonathan.julou\AppData\Local\Programs\MiKTeX\tex/latex/rerunfil
echeck\rerunfilecheck.sty
Package: rerunfilecheck 2025-06-21 v1.11 Rerun checks for auxiliary files (HO)

(C:\Users\admin.jonathan.julou\AppData\Local\Programs\MiKTeX\tex/generic/unique
counter\uniquecounter.sty
Package: uniquecounter 2019/12/15 v1.4 Provide unlimited unique counter (HO)
)
Package uniquecounter Info: New unique counter `rerunfilecheck' on input line 2
84.
)
\Hy@SectionHShift=\skip66
)
(C:\Users\admin.jonathan.julou\AppData\Local\Programs\MiKTeX\tex/latex/algorith
ms\algorithm.sty
Package: algorithm 2009/08/24 v0.1 Document Style `algorithm' - floating enviro
nment

(C:\Users\admin.jonathan.julou\AppData\Local\Programs\MiKTeX\tex/latex/float\fl
oat.sty
Package: float 2001/11/08 v1.3d Float enhancements (AL)
\c@float@type=\count355
\float@exts=\toks49
\float@box=\box73
\@float@everytoks=\toks50
\@floatcapt=\box74
)
(C:\Users\admin.jonathan.julou\AppData\Local\Programs\MiKTeX\tex/latex/base\ift
hen.sty
Package: ifthen 2024/03/16 v1.1e Standard LaTeX ifthen package (DPC)
)
\@float@every@algorithm=\toks51
\c@algorithm=\count356
)
(C:\Users\admin.jonathan.julou\AppData\Local\Programs\MiKTeX\tex/latex/algorith
micx\algpseudocode.sty
Package: algpseudocode 

(C:\Users\admin.jonathan.julou\AppData\Local\Programs\MiKTeX\tex/latex/algorith
micx\algorithmicx.sty
Package: algorithmicx 2005/04/27 v1.2 Algorithmicx

Document Style algorithmicx 1.2 - a greatly improved `algorithmic' style
\c@ALG@line=\count357
\c@ALG@rem=\count358
\c@ALG@nested=\count359
\ALG@tlm=\skip67
\ALG@thistlm=\skip68
\c@ALG@Lnr=\count360
\c@ALG@blocknr=\count361
\c@ALG@storecount=\count362
\c@ALG@tmpcounter=\count363
\ALG@tmplength=\skip69
)
Document Style - pseudocode environments for use with the `algorithmicx' style
)
(C:\Users\admin.jonathan.julou\AppData\Local\Programs\MiKTeX\tex/latex/amscls\a
msthm.sty
Package: amsthm 2020/05/29 v2.20.6
\thm@style=\toks52
\thm@bodyfont=\toks53
\thm@headfont=\toks54
\thm@notefont=\toks55
\thm@headpunct=\toks56
\thm@preskip=\skip70
\thm@postskip=\skip71
\thm@headsep=\skip72
\dth@everypar=\toks57
)
\c@defn=\count364
\c@exmp=\count365

(C:\Users\admin.jonathan.julou\AppData\Local\Programs\MiKTeX\tex/latex/svg\svg.
sty
Package: svg 2020/11/26 v2.02k (include SVG pictures)

(C:\Users\admin.jonathan.julou\AppData\Local\Programs\MiKTeX\tex/latex/koma-scr
ipt\scrbase.sty
Package: scrbase 2025/09/09 v3.48 KOMA-Script package (KOMA-Script-independent 
basics and keyval usage)

(C:\Users\admin.jonathan.julou\AppData\Local\Programs\MiKTeX\tex/latex/koma-scr
ipt\scrlfile.sty
Package: scrlfile 2025/09/09 v3.48 KOMA-Script package (file load hooks)

(C:\Users\admin.jonathan.julou\AppData\Local\Programs\MiKTeX\tex/latex/koma-scr
ipt\scrlfile-hook.sty
Package: scrlfile-hook 2025/09/09 v3.48 KOMA-Script package (using LaTeX hooks)


(C:\Users\admin.jonathan.julou\AppData\Local\Programs\MiKTeX\tex/latex/koma-scr
ipt\scrlogo.sty
Package: scrlogo 2025/09/09 v3.48 KOMA-Script package (logo)
)))
Applying: [2021/05/01] Usage of raw or classic option list on input line 254.
Already applied: [0000/00/00] Usage of raw or classic option list on input line
 370.
)
(C:\Users\admin.jonathan.julou\AppData\Local\Programs\MiKTeX\tex/latex/trimspac
es\trimspaces.sty
Package: trimspaces 2009/09/17 v1.1 Trim spaces around a token list
)
(C:\Users\admin.jonathan.julou\AppData\Local\Programs\MiKTeX\tex/latex/tools\sh
ellesc.sty
Package: shellesc 2023/07/08 v1.0d unified shell escape interface for LaTeX
Package shellesc Info: Unrestricted shell escape enabled on input line 75.
)
(C:\Users\admin.jonathan.julou\AppData\Local\Programs\MiKTeX\tex/latex/ifplatfo
rm\ifplatform.sty
Package: ifplatform 2017/10/13 v0.4a Testing for the operating system

(C:\Users\admin.jonathan.julou\AppData\Local\Programs\MiKTeX\tex/generic/catchf
ile\catchfile.sty
Package: catchfile 2019/12/09 v1.8 Catch the contents of a file (HO)

(C:\Users\admin.jonathan.julou\AppData\Local\Programs\MiKTeX\tex/generic/etexcm
ds\etexcmds.sty
Package: etexcmds 2019/12/15 v1.7 Avoid name clashes with e-TeX commands (HO)
))
(C:\Users\admin.jonathan.julou\AppData\Local\Programs\MiKTeX\tex/generic/iftex\
ifluatex.sty
Package: ifluatex 2019/10/25 v1.5 ifluatex legacy package. Use iftex instead.
))
\c@svg@param@lastpage=\count366
\svg@box=\box75
\c@svg@param@currpage=\count367
)
(C:\Users\admin.jonathan.julou\AppData\Local\Programs\MiKTeX\tex/latex/transpar
ent\transparent.sty
Package: transparent 2025-06-23 v1.6 Transparency with color stacks

(C:\Users\admin.jonathan.julou\AppData\Local\Programs\MiKTeX\tex/latex/transpar
ent\transparent-nometadata.sty
Package: transparent-nometadata 2025-06-23 v1.6 Transparency via pdfTeX's color
 stack (HO)

(C:\Users\admin.jonathan.julou\AppData\Local\Programs\MiKTeX\tex/latex/auxhook\
auxhook.sty
Package: auxhook 2019-12-17 v1.6 Hooks for auxiliary files (HO)
)))
(C:\Users\admin.jonathan.julou\AppData\Local\Programs\MiKTeX\tex/latex/svg\svg-
extract.sty
Package: svg-extract 2020/11/26 v2.02k (extract graphics from SVG pictures)
\c@svgx@runs=\count368
\c@svgx@out@count=\count369
\svgx@stream@in=\read4
\svgx@stream@out=\write5
)
(C:\Users\admin.jonathan.julou\AppData\Local\Programs\MiKTeX\tex/latex/colortbl
\colortbl.sty
Package: colortbl 2024/10/29 v1.0k Color table columns (DPC)

(C:\Users\admin.jonathan.julou\AppData\Local\Programs\MiKTeX\tex/latex/tools\ar
ray.sty
Package: array 2025/09/25 v2.6n Tabular extension package (FMi)
\col@sep=\dimen344
\ar@mcellbox=\box76
\extrarowheight=\dimen345
\NC@list=\toks58
\extratabsurround=\skip73
\backup@length=\skip74
\ar@cellbox=\box77
)
\everycr=\toks59
\minrowclearance=\skip75
\rownum=\count370
)
(C:\Users\admin.jonathan.julou\AppData\Local\Programs\MiKTeX\tex/latex/fancyhdr
\fancyhdr.sty
Package: fancyhdr 2025/02/07 v5.2 Extensive control of page headers and footers

\f@nch@headwidth=\skip76
\f@nch@offset@elh=\skip77
\f@nch@offset@erh=\skip78
\f@nch@offset@olh=\skip79
\f@nch@offset@orh=\skip80
\f@nch@offset@elf=\skip81
\f@nch@offset@erf=\skip82
\f@nch@offset@olf=\skip83
\f@nch@offset@orf=\skip84
\f@nch@height=\skip85
\f@nch@footalignment=\skip86
\f@nch@widthL=\skip87
\f@nch@widthC=\skip88
\f@nch@widthR=\skip89
\@temptokenb=\toks60
)
(C:\Users\admin.jonathan.julou\AppData\Local\Programs\MiKTeX\tex/latex/listings
\listings.sty
\lst@mode=\count371
\lst@gtempboxa=\box78
\lst@token=\toks61
\lst@length=\count372
\lst@currlwidth=\dimen346
\lst@column=\count373
\lst@pos=\count374
\lst@lostspace=\dimen347
\lst@width=\dimen348
\lst@newlines=\count375
\lst@lineno=\count376
\lst@maxwidth=\dimen349

(C:\Users\admin.jonathan.julou\AppData\Local\Programs\MiKTeX\tex/latex/listings
\lstpatch.sty
File: lstpatch.sty 2025/11/14 1.11b (Carsten Heinz)
)
(C:\Users\admin.jonathan.julou\AppData\Local\Programs\MiKTeX\tex/latex/listings
\lstmisc.sty
File: lstmisc.sty 2025/11/14 1.11b (Carsten Heinz)
\c@lstnumber=\count377
\lst@skipnumbers=\count378
\lst@framebox=\box79
)
(C:\Users\admin.jonathan.julou\AppData\Local\Programs\MiKTeX\tex/latex/listings
\listings.cfg
File: listings.cfg 2025/11/14 1.11b listings configuration
))
Package: listings 2025/11/14 1.11b (Carsten Heinz)

==> First Aid for listings.sty no longer applied!
    Expected:
        2024/09/23 1.10c (Carsten Heinz)
    but found:
        2025/11/14 1.11b (Carsten Heinz)
    so I'm assuming it got fixed.

(C:\Users\admin.jonathan.julou\AppData\Local\Programs\MiKTeX\tex/latex/eso-pic\
eso-pic.sty
Package: eso-pic 2023/05/03 v3.0c eso-pic (RN)
\ESO@tempdima=\dimen350
\ESO@tempdimb=\dimen351
)
(C:\Users\admin.jonathan.julou\AppData\Local\Programs\MiKTeX\tex/latex/tools\mu
lticol.sty
Package: multicol 2025/10/21 v2.0b multicolumn formatting (FMi)
\c@tracingmulticols=\count379
\mult@box=\box80
\multicol@leftmargin=\dimen352
\c@unbalance=\count380
\c@collectmore=\count381
\doublecol@number=\count382
\multicoltolerance=\count383
\multicolpretolerance=\count384
\full@width=\dimen353
\page@free=\dimen354
\premulticols=\dimen355
\postmulticols=\dimen356
\multicolsep=\skip90
\multicolbaselineskip=\skip91
\partial@page=\box81
\last@line=\box82
\mc@boxedresult=\box83
\maxbalancingoverflow=\dimen357
\mult@rightbox=\box84
\mult@grightbox=\box85
\mult@firstbox=\box86
\mult@gfirstbox=\box87
\@tempa=\box88
\@tempa=\box89
\@tempa=\box90
\@tempa=\box91
\@tempa=\box92
\@tempa=\box93
\@tempa=\box94
\@tempa=\box95
\@tempa=\box96
\@tempa=\box97
\@tempa=\box98
\@tempa=\box99
\@tempa=\box100
\@tempa=\box101
\@tempa=\box102
\@tempa=\box103
\@tempa=\box104
\@tempa=\box105
\@tempa=\box106
\@tempa=\box107
\@tempa=\box108
\@tempa=\box109
\@tempa=\box110
\@tempa=\box111
\@tempa=\box112
\@tempa=\box113
\@tempa=\box114
\@tempa=\box115
\@tempa=\box116
\@tempa=\box117
\@tempa=\box118
\@tempa=\box119
\@tempa=\box120
\@tempa=\box121
\@tempa=\box122
\@tempa=\box123
\c@minrows=\count385
\c@columnbadness=\count386
\c@finalcolumnbadness=\count387
\last@try=\dimen358
\multicolovershoot=\dimen359
\multicolundershoot=\dimen360
\mult@nat@firstbox=\box124
\colbreak@box=\box125
\mc@col@check@num=\count388
\g__mc_curr_col_int=\count389
)
(C:\Users\admin.jonathan.julou\AppData\Local\Programs\MiKTeX\tex/latex/base\inp
utenc.sty
Package: inputenc 2024/02/08 v1.3d Input encoding file
\inpenc@prehook=\toks62
\inpenc@posthook=\toks63
)
LaTeX Font Info:    Trying to load font information for T1+txtt on input line 1
49.

(C:\Users\admin.jonathan.julou\AppData\Local\Programs\MiKTeX\tex/latex/txfonts\
t1txtt.fd
File: t1txtt.fd 2000/12/15 v3.1
) (BVP_Doc.aux)
\openout1 = `BVP_Doc.aux'.

LaTeX Font Info:    Checking defaults for OML/cmm/m/it on input line 207.
LaTeX Font Info:    ... okay on input line 207.
LaTeX Font Info:    Checking defaults for OMS/cmsy/m/n on input line 207.
LaTeX Font Info:    ... okay on input line 207.
LaTeX Font Info:    Checking defaults for OT1/cmr/m/n on input line 207.
LaTeX Font Info:    ... okay on input line 207.
LaTeX Font Info:    Checking defaults for T1/cmr/m/n on input line 207.
LaTeX Font Info:    ... okay on input line 207.
LaTeX Font Info:    Checking defaults for TS1/cmr/m/n on input line 207.
LaTeX Font Info:    ... okay on input line 207.
LaTeX Font Info:    Checking defaults for OMX/cmex/m/n on input line 207.
LaTeX Font Info:    ... okay on input line 207.
LaTeX Font Info:    Checking defaults for U/cmr/m/n on input line 207.
LaTeX Font Info:    ... okay on input line 207.
LaTeX Font Info:    Checking defaults for PD1/pdf/m/n on input line 207.
LaTeX Font Info:    ... okay on input line 207.
LaTeX Font Info:    Checking defaults for PU/pdf/m/n on input line 207.
LaTeX Font Info:    ... okay on input line 207.

(C:\Users\admin.jonathan.julou\AppData\Local\Programs\MiKTeX\tex/context/base/m
kii\supp-pdf.mkii
[Loading MPS to PDF converter (version 2006.09.02).]
\scratchcounter=\count390
\scratchdimen=\dimen361
\scratchbox=\box126
\nofMPsegments=\count391
\nofMParguments=\count392
\everyMPshowfont=\toks64
\MPscratchCnt=\count393
\MPscratchDim=\dimen362
\MPnumerator=\count394
\makeMPintoPDFobject=\count395
\everyMPtoPDFconversion=\toks65
)
(C:\Users\admin.jonathan.julou\AppData\Local\Programs\MiKTeX\tex/latex/epstopdf
-pkg\epstopdf-base.sty
Package: epstopdf-base 2020-01-24 v2.11 Base part for package epstopdf

(C:\Users\admin.jonathan.julou\AppData\Local\Programs\MiKTeX\tex/latex/grfext\g
rfext.sty
Package: grfext 2019/12/03 v1.3 Manage graphics extensions (HO)
)
Package epstopdf-base Info: Redefining graphics rule for `.eps' on input line 4
85.
Package grfext Info: Graphics extension search list:
(grfext)             [.pdf,.png,.jpg,.mps,.jpeg,.jbig2,.jb2,.PDF,.PNG,.JPG,.JPE
G,.JBIG2,.JB2,.eps]
(grfext)             \AppendGraphicsExtensions on input line 504.

(C:\Users\admin.jonathan.julou\AppData\Local\Programs\MiKTeX\tex/latex/00miktex
\epstopdf-sys.cfg
File: epstopdf-sys.cfg 2021/03/18 v2.0 Configuration of epstopdf for MiKTeX
))

Package pgfplots Warning: running in backwards compatibility mode (unsuitable t
ick labels; missing features). Consider writing \pgfplotsset{compat=1.18} into 
your preamble.
 on input line 207.

*geometry* driver: auto-detecting
*geometry* detected driver: pdftex
*geometry* verbose mode - [ preamble ] result:
* driver: pdftex
* paper: a4paper
* layout: <same size as paper>
* layoutoffset:(h,v)=(0.0pt,0.0pt)
* modes: 
* h-part:(L,W,R)=(28.45274pt, 540.60239pt, 28.45274pt)
* v-part:(T,H,B)=(56.9055pt, 736.92639pt, 51.21495pt)
* \paperwidth=597.50787pt
* \paperheight=845.04684pt
* \textwidth=540.60239pt
* \textheight=736.92639pt
* \oddsidemargin=-43.81725pt
* \evensidemargin=-43.81725pt
* \topmargin=-52.36449pt
* \headheight=12.0pt
* \headsep=25.0pt
* \topskip=10.0pt
* \footskip=30.0pt
* \marginparwidth=65.0pt
* \marginparsep=11.0pt
* \columnsep=10.0pt
* \skip\footins=9.0pt plus 4.0pt minus 2.0pt
* \hoffset=0.0pt
* \voffset=0.0pt
* \mag=1000
* \@twocolumnfalse
* \@twosidefalse
* \@mparswitchfalse
* \@reversemarginfalse
* (1in=72.27pt=25.4mm, 1cm=28.453pt)

LaTeX Info: Redefining \microtypecontext on input line 207.
Package microtype Info: Applying patch `item' on input line 207.
Package microtype Info: Applying patch `toc' on input line 207.
Package microtype Info: Applying patch `eqnum' on input line 207.
Package microtype Info: Applying patch `footnote' on input line 207.
Package microtype Info: Applying patch `verbatim' on input line 207.
LaTeX Info: Redefining \microtypesetup on input line 207.
Package microtype Info: Generating PDF output.
Package microtype Info: Character protrusion enabled (level 2).
Package microtype Info: Using default protrusion set `alltext'.
Package microtype Info: Automatic font expansion enabled (level 2),
(microtype)             stretch: 20, shrink: 20, step: 1, non-selected.
Package microtype Info: Using default expansion set `alltext-nott'.
Package microtype Info: Patching command `\showhyphens'.
Package microtype Info: No adjustment of tracking.
Package microtype Info: No adjustment of interword spacing.
Package microtype Info: No adjustment of character kerning.

(C:\Users\admin.jonathan.julou\AppData\Local\Programs\MiKTeX\tex/latex/microtyp
e\mt-cmr.cfg
File: mt-cmr.cfg 2013/05/19 v2.2 microtype config. file: Computer Modern Roman 
(RS)
)
Package caption Info: Begin \AtBeginDocument code.
Package caption Info: float package is loaded.
Package caption Info: hyperref package is loaded.
Package caption Info: listings package is loaded.
Package caption Info: End \AtBeginDocument code.
Package hyperref Info: Link coloring OFF on input line 207.
 (BVP_Doc.out) (BVP_Doc.out)
\@outlinefile=\write6
\openout6 = `BVP_Doc.out'.

 ()

Package svg Warning: No version of Inkscape was detected by invoking
(svg)                `inkscape -V'
(svg)                so the Inkscape export will fail quite sure as the
(svg)                command is probably unknown to your OS. You could set
(svg)                `inkscapeversion=<version>' manually but this is very
(svg)                unlikely to work on input line 207.

\c@lstlisting=\count396

LaTeX Warning: No \author given.

(BVP_Doc.toc)
\tf@toc=\write7
\openout7 = `BVP_Doc.toc'.

<install_releases.jpg, id=57, 956.82469pt x 437.38406pt>
File: install_releases.jpg Graphic file (type jpg)
<use install_releases.jpg>
Package pdftex.def Info: install_releases.jpg  used on input line 227.
(pdftex.def)             Requested size: 321.20117pt x 146.82655pt.
<install_download.jpg, id=58, 716.6775pt x 358.33875pt>
File: install_download.jpg Graphic file (type jpg)
<use install_download.jpg>
Package pdftex.def Info: install_download.jpg  used on input line 232.
(pdftex.def)             Requested size: 321.20117pt x 160.60028pt.


Package fancyhdr Warning: \headheight is too small (12.0pt): 
(fancyhdr)                Make it at least 25.60004pt, for example:
(fancyhdr)                \setlength{\headheight}{25.60004pt}.
(fancyhdr)                You might also make \topmargin smaller:
(fancyhdr)                \addtolength{\topmargin}{-13.60004pt}.

<fond2.jpg, id=59, 597.6729pt x 845.19765pt>
File: fond2.jpg Graphic file (type jpg)
<use fond2.jpg>
Package pdftex.def Info: fond2.jpg  used on input line 237.
(pdftex.def)             Requested size: 597.67143pt x 845.19559pt.
[1{C:/Users/admin.jonathan.julou/AppData/Local/MiKTeX/fonts/map/pdftex/pdftex.m
ap}

 <./fond2.jpg> <./install_releases.jpg> <./install_download.jpg>]
<install_prefs.jpg, id=72, 289.83281pt x 339.51843pt>
File: install_prefs.jpg Graphic file (type jpg)
<use install_prefs.jpg>
Package pdftex.def Info: install_prefs.jpg  used on input line 248.
(pdftex.def)             Requested size: 200.75073pt x 235.16422pt.
<install_fromdisk.jpg, id=73, 631.60968pt x 197.98969pt>
File: install_fromdisk.jpg Graphic file (type jpg)
<use install_fromdisk.jpg>
Package pdftex.def Info: install_fromdisk.jpg  used on input line 255.
(pdftex.def)             Requested size: 421.57654pt x 132.15392pt.
<installed.jpg, id=74, 518.6878pt x 164.86594pt>
File: installed.jpg Graphic file (type jpg)
<use installed.jpg>
Package pdftex.def Info: installed.jpg  used on input line 262.
(pdftex.def)             Requested size: 421.57654pt x 134.00604pt.


Package fancyhdr Warning: \headheight is too small (12.0pt): 
(fancyhdr)                Make it at least 25.60004pt, for example:
(fancyhdr)                \setlength{\headheight}{25.60004pt}.
(fancyhdr)                You might also make \topmargin smaller:
(fancyhdr)                \addtolength{\topmargin}{-13.60004pt}.

File: fond2.jpg Graphic file (type jpg)
<use fond2.jpg>
Package pdftex.def Info: fond2.jpg  used on input line 269.
(pdftex.def)             Requested size: 597.67143pt x 845.19559pt.
[2 <./install_prefs.jpg> <./install_fromdisk.jpg> <./installed.jpg>]
<livefreed_overview.jpg, id=83, 250.68657pt x 666.23906pt>
File: livefreed_overview.jpg Graphic file (type jpg)
<use livefreed_overview.jpg>
Package pdftex.def Info: livefreed_overview.jpg  used on input line 280.
(pdftex.def)             Requested size: 200.75073pt x 533.5511pt.


Package fancyhdr Warning: \headheight is too small (12.0pt): 
(fancyhdr)                Make it at least 25.60004pt, for example:
(fancyhdr)                \setlength{\headheight}{25.60004pt}.
(fancyhdr)                You might also make \topmargin smaller:
(fancyhdr)                \addtolength{\topmargin}{-13.60004pt}.

File: fond2.jpg Graphic file (type jpg)
<use fond2.jpg>
Package pdftex.def Info: fond2.jpg  used on input line 285.
(pdftex.def)             Requested size: 597.67143pt x 845.19559pt.
[3 <./livefreed_overview.jpg>]
<livefreed_select.jpg, id=89, 527.72156pt x 267.24844pt>
File: livefreed_select.jpg Graphic file (type jpg)
<use livefreed_select.jpg>
Package pdftex.def Info: livefreed_select.jpg  used on input line 297.
(pdftex.def)             Requested size: 321.20117pt x 162.66245pt.
<livefreed_start.jpg, id=90, 1405.50093pt x 404.26031pt>
File: livefreed_start.jpg Graphic file (type jpg)
<use livefreed_start.jpg>
Package pdftex.def Info: livefreed_start.jpg  used on input line 304.
(pdftex.def)             Requested size: 421.57654pt x 121.25435pt.
<livefreed_cam.jpg, id=91, 1144.275pt x 490.08093pt>
File: livefreed_cam.jpg Graphic file (type jpg)
<use livefreed_cam.jpg>
Package pdftex.def Info: livefreed_cam.jpg  used on input line 314.
(pdftex.def)             Requested size: 381.42639pt x 163.3574pt.
<livefreed_cam2.jpg, id=92, 223.58531pt x 88.07906pt>
File: livefreed_cam2.jpg Graphic file (type jpg)
<use livefreed_cam2.jpg>
Package pdftex.def Info: livefreed_cam2.jpg  used on input line 321.
(pdftex.def)             Requested size: 200.75073pt x 79.08493pt.


Package fancyhdr Warning: \headheight is too small (12.0pt): 
(fancyhdr)                Make it at least 25.60004pt, for example:
(fancyhdr)                \setlength{\headheight}{25.60004pt}.
(fancyhdr)                You might also make \topmargin smaller:
(fancyhdr)                \addtolength{\topmargin}{-13.60004pt}.

File: fond2.jpg Graphic file (type jpg)
<use fond2.jpg>
Package pdftex.def Info: fond2.jpg  used on input line 326.
(pdftex.def)             Requested size: 597.67143pt x 845.19559pt.
[4 <./livefreed_select.jpg> <./livefreed_start.jpg> <./livefreed_cam.jpg> <./li
vefreed_cam2.jpg>]
<livefreed_lens.jpg, id=101, 226.59656pt x 106.14656pt>
File: livefreed_lens.jpg Graphic file (type jpg)
<use livefreed_lens.jpg>
Package pdftex.def Info: livefreed_lens.jpg  used on input line 338.
(pdftex.def)             Requested size: 200.75073pt x 94.0393pt.

Underfull \hbox (badness 10000) in paragraph at lines 341--342

 []


Underfull \hbox (badness 10000) in paragraph at lines 343--344

 []


Underfull \hbox (badness 10000) in paragraph at lines 345--346

 []

<livefreed_lens2.jpg, id=102, 231.11343pt x 690.32906pt>
File: livefreed_lens2.jpg Graphic file (type jpg)
<use livefreed_lens2.jpg>
Package pdftex.def Info: livefreed_lens2.jpg  used on input line 351.
(pdftex.def)             Requested size: 145.54428pt x 434.74107pt.

Package fancyhdr Warning: \headheight is too small (12.0pt): 
(fancyhdr)                Make it at least 25.60004pt, for example:
(fancyhdr)                \setlength{\headheight}{25.60004pt}.
(fancyhdr)                You might also make \topmargin smaller:
(fancyhdr)                \addtolength{\topmargin}{-13.60004pt}.

File: fond2.jpg Graphic file (type jpg)
<use fond2.jpg>
Package pdftex.def Info: fond2.jpg  used on input line 356.
(pdftex.def)             Requested size: 597.67143pt x 845.19559pt.
[5 <./livefreed_lens.jpg> <./livefreed_lens2.jpg>]
<postprod_overview.jpg, id=109, 258.21469pt x 661.72218pt>
File: postprod_overview.jpg Graphic file (type jpg)
<use postprod_overview.jpg>
Package pdftex.def Info: postprod_overview.jpg  used on input line 369.
(pdftex.def)             Requested size: 200.75073pt x 514.4752pt.


Package fancyhdr Warning: \headheight is too small (12.0pt): 
(fancyhdr)                Make it at least 25.60004pt, for example:
(fancyhdr)                \setlength{\headheight}{25.60004pt}.
(fancyhdr)                You might also make \topmargin smaller:
(fancyhdr)                \addtolength{\topmargin}{-13.60004pt}.

File: fond2.jpg Graphic file (type jpg)
<use fond2.jpg>
Package pdftex.def Info: fond2.jpg  used on input line 376.
(pdftex.def)             Requested size: 597.67143pt x 845.19559pt.
[6 <./postprod_overview.jpg>]
<postprod_camsetup.jpg, id=115, 316.93407pt x 132.495pt>
File: postprod_camsetup.jpg Graphic file (type jpg)
<use postprod_camsetup.jpg>
Package pdftex.def Info: postprod_camsetup.jpg  used on input line 389.
(pdftex.def)             Requested size: 220.8258pt x 92.31927pt.
<postprod_camsetup2.jpg, id=116, 1009.52156pt x 595.47469pt>
File: postprod_camsetup2.jpg Graphic file (type jpg)
<use postprod_camsetup2.jpg>
Package pdftex.def Info: postprod_camsetup2.jpg  used on input line 401.
(pdftex.def)             Requested size: 421.57654pt x 248.67113pt.


Package fancyhdr Warning: \headheight is too small (12.0pt): 
(fancyhdr)                Make it at least 25.60004pt, for example:
(fancyhdr)                \setlength{\headheight}{25.60004pt}.
(fancyhdr)                You might also make \topmargin smaller:
(fancyhdr)                \addtolength{\topmargin}{-13.60004pt}.

File: fond2.jpg Graphic file (type jpg)
<use fond2.jpg>
Package pdftex.def Info: fond2.jpg  used on input line 408.
(pdftex.def)             Requested size: 597.67143pt x 845.19559pt.
[7 <./postprod_camsetup.jpg> <./postprod_camsetup2.jpg>]
<postprod_camsetuplive.jpg, id=125, 1178.15157pt x 709.90219pt>
File: postprod_camsetuplive.jpg Graphic file (type jpg)
<use postprod_camsetuplive.jpg>
Package pdftex.def Info: postprod_camsetuplive.jpg  used on input line 421.
(pdftex.def)             Requested size: 421.57654pt x 254.02641pt.

Underfull \hbox (badness 10000) in paragraph at lines 424--425

 []

<postprod_camsetuplive2.jpg, id=126, 860.46469pt x 435.87843pt>
File: postprod_camsetuplive2.jpg Graphic file (type jpg)
<use postprod_camsetuplive2.jpg>
Package pdftex.def Info: postprod_camsetuplive2.jpg  used on input line 430.
(pdftex.def)             Requested size: 361.35132pt x 183.04773pt.

Package fancyhdr Warning: \headheight is too small (12.0pt): 
(fancyhdr)                Make it at least 25.60004pt, for example:
(fancyhdr)                \setlength{\headheight}{25.60004pt}.
(fancyhdr)                You might also make \topmargin smaller:
(fancyhdr)                \addtolength{\topmargin}{-13.60004pt}.

File: fond2.jpg Graphic file (type jpg)
<use fond2.jpg>
Package pdftex.def Info: fond2.jpg  used on input line 433.
(pdftex.def)             Requested size: 597.67143pt x 845.19559pt.
[8 <./postprod_camsetuplive.jpg> <./postprod_camsetuplive2.jpg>] (BVP_Doc.aux)
 ***********
LaTeX2e <2025-11-01>
L3 programming layer <2025-11-06>
 ***********
Package rerunfilecheck Info: File `BVP_Doc.out' has not changed.
(rerunfilecheck)             Checksum: BC0A1DDD6FF222850CBCEFD072D3CBAE;1525.
 ) 
Here is how much of TeX's memory you used:
 39857 strings out of 467870
 903031 string characters out of 5411095
 1452866 words of memory out of 5000000
 68004 multiletter control sequences out of 15000+600000
 635387 words of font info for 91 fonts, out of 8000000 for 9000
 1141 hyphenation exceptions out of 8191
 99i,12n,118p,1006b,609s stack positions out of 10000i,1000n,20000p,200000b,200000s
 <C:\Users\admin.jonathan.julou\AppData\Local\MiKTeX\fonts/pk/ljfour/jknappen
/ec/dpi600\tcrm1000.pk><C:/Users/admin.jonathan.julou/AppData/Local/Programs/Mi
KTeX/fonts/type1/public/amsfonts/cm/cmbx10.pfb><C:/Users/admin.jonathan.julou/A
ppData/Local/Programs/MiKTeX/fonts/type1/public/amsfonts/cm/cmbx12.pfb><C:/User
s/admin.jonathan.julou/AppData/Local/Programs/MiKTeX/fonts/type1/public/amsfont
s/cm/cmcsc10.pfb><C:/Users/admin.jonathan.julou/AppData/Local/Programs/MiKTeX/f
onts/type1/public/amsfonts/cm/cmr10.pfb><C:/Users/admin.jonathan.julou/AppData/
Local/Programs/MiKTeX/fonts/type1/public/amsfonts/cm/cmr12.pfb><C:/Users/admin.
jonathan.julou/AppData/Local/Programs/MiKTeX/fonts/type1/public/amsfonts/cm/cms
y10.pfb>
Output written on BVP_Doc.pdf (8 pages, 1575877 bytes).
PDF statistics:
 172 PDF objects out of 1000 (max. 8388607)
 36 named destinations out of 1000 (max. 500000)
 22711 words of extra memory for PDF output out of 24883 (max. 10000000)

